\BOOKMARK [0][-]{chapter*.2}{\376\377\000L\000i\000s\000t\000e\000\040\000d\000e\000s\000\040\000f\000i\000g\000u\000r\000e\000s}{}% 1
\BOOKMARK [0][-]{chapter*.3}{\376\377\000L\000i\000s\000t\000e\000\040\000d\000e\000s\000\040\000t\000a\000b\000l\000e\000a\000u\000x}{}% 2
\BOOKMARK [0][-]{chapter*.3}{\376\377\000A\000c\000r\000o\000n\000y\000m\000e\000s}{}% 3
\BOOKMARK [0][-]{chapter.1}{\376\377\000T\000i\000t\000r\000e\000\040\000d\000u\000\040\000p\000r\000e\000m\000i\000e\000r\000\040\000c\000h\000a\000p\000i\000t\000r\000e}{}% 4
\BOOKMARK [1][-]{section.1.1}{\376\377\000T\000i\000t\000r\000e\000\040\000d\000e\000\040\000l\000a\000\040\000p\000r\000e\000m\000i\000\350\000r\000e\000\040\000s\000e\000c\000t\000i\000o\000n}{chapter.1}% 5
\BOOKMARK [2][-]{subsection.1.1.1}{\376\377\000T\000i\000t\000r\000e\000\040\000d\000e\000\040\000l\000a\000\040\000p\000r\000e\000m\000i\000\350\000r\000e\000\040\000s\000o\000u\000s\000\040\000s\000e\000c\000t\000i\000o\000n}{section.1.1}% 6
\BOOKMARK [2][-]{subsection.1.1.2}{\376\377\000T\000i\000t\000r\000e\000\040\000d\000e\000\040\000l\000a\000\040\000d\000e\000u\000x\000i\000\350\000m\000e\000\040\000s\000o\000u\000s\000-\000s\000e\000c\000t\000i\000o\000n}{section.1.1}% 7
\BOOKMARK [1][-]{section.1.2}{\376\377\000T\000i\000t\000r\000e\000\040\000d\000e\000\040\000l\000a\000\040\000d\000e\000u\000x\000i\000\350\000m\000e\000\040\000s\000e\000c\000t\000i\000o\000n}{chapter.1}% 8
\BOOKMARK [0][-]{chapter.2}{\376\377\000T\000i\000t\000r\000e\000\040\000d\000u\000\040\000d\000e\000u\000x\000i\000\350\000m\000e\000\040\000c\000h\000a\000p\000i\000t\000r\000e}{}% 9
\BOOKMARK [1][-]{section.2.1}{\376\377\000C\000o\000m\000m\000e\000n\000t\000\040\000f\000a\000i\000r\000e\000\040\000u\000n\000\040\000t\000a\000b\000l\000e\000a\000u\000?}{chapter.2}% 10
\BOOKMARK [1][-]{section.2.2}{\376\377\000C\000o\000m\000m\000e\000n\000t\000\040\000i\000n\000s\000\351\000r\000e\000r\000\040\000u\000n\000e\000\040\000f\000i\000g\000u\000r\000e\000?}{chapter.2}% 11
\BOOKMARK [1][-]{section.2.3}{\376\377\000C\000o\000m\000m\000e\000n\000t\000\040\000f\000a\000i\000r\000e\000\040\000u\000n\000e\000\040\000r\000\351\000f\000\351\000r\000e\000n\000c\000e\000\040\000\340\000\040\000u\000n\000e\000\040\000f\000i\000g\000u\000r\000e\000\040\000o\000u\000\040\000u\000n\000\040\000t\000a\000b\000l\000e\000a\000u\000?}{chapter.2}% 12
\BOOKMARK [1][-]{section.2.4}{\376\377\000C\000o\000m\000m\000e\000n\000t\000\040\000f\000a\000i\000r\000e\000\040\000d\000e\000s\000\040\000l\000i\000s\000t\000e\000s\000?}{chapter.2}% 13
\BOOKMARK [1][-]{section.2.5}{\376\377\000c\000o\000m\000m\000e\000n\000t\000\040\000f\000a\000i\000r\000e\000\040\000u\000n\000e\000\040\000n\000o\000t\000e\000\040\000d\000e\000\040\000b\000a\000s\000\040\000d\000e\000\040\000p\000a\000g\000e\000?}{chapter.2}% 14
\BOOKMARK [1][-]{section.2.6}{\376\377\000c\000o\000m\000m\000e\000n\000t\000\040\000i\000n\000s\000\351\000r\000e\000r\000\040\000u\000n\000e\000\040\000n\000o\000t\000e\000\040\000d\000a\000n\000s\000\040\000l\000a\000\040\000m\000a\000r\000g\000e}{chapter.2}% 15
\BOOKMARK [1][-]{section.2.7}{\376\377\000c\000o\000m\000m\000e\000n\000t\000\040\000a\000j\000o\000u\000t\000e\000r\000\040\000u\000n\000e\000\040\000e\000n\000t\000r\000\351\000e\000\040\000d\000a\000n\000s\000\040\000l\000'\000i\000n\000d\000e\000x\000?}{chapter.2}% 16
\BOOKMARK [0][-]{chapter.3}{\376\377\000T\000i\000t\000r\000e\000\040\000d\000u\000\040\000t\000r\000o\000i\000s\000i\000\350\000m\000e\000\040\000c\000h\000a\000p\000i\000t\000r\000e}{}% 17
\BOOKMARK [0][-]{chapter.4}{\376\377\000T\000i\000t\000r\000e\000\040\000d\000u\000\040\000q\000u\000a\000t\000r\000i\000\350\000m\000e\000\040\000c\000h\000a\000p\000i\000t\000r\000e}{}% 18
\BOOKMARK [0][-]{chapter.4}{\376\377\000G\000l\000o\000s\000s\000a\000i\000r\000e}{}% 19
\BOOKMARK [0][-]{chapter.4}{\376\377\000B\000i\000b\000l\000i\000o\000g\000r\000a\000p\000h\000i\000e}{}% 20
\BOOKMARK [0][-]{section*.8}{\376\377\000A\000p\000p\000e\000n\000d\000i\000c\000e\000s}{}% 21
\BOOKMARK [0][-]{appendix.A}{\376\377\000T\000i\000t\000r\000e\000\040\000d\000e\000\040\000l\000a\000\040\000p\000r\000e\000m\000i\000\350\000r\000e\000\040\000a\000n\000n\000e\000x\000e}{}% 22
\BOOKMARK [1][-]{section.A.1}{\376\377\000P\000r\000e\000m\000i\000\350\000r\000e\000\040\000S\000e\000c\000t\000i\000o\000n\000\040\000p\000r\000e\000m\000i\000\350\000r\000e\000\040\000a\000n\000n\000e\000x\000e}{appendix.A}% 23
\BOOKMARK [0][-]{appendix.B}{\376\377\000T\000i\000t\000r\000e\000\040\000d\000e\000\040\000l\000a\000\040\000d\000e\000u\000x\000i\000\350\000m\000e\000\040\000a\000n\000n\000e\000x\000e}{}% 24
\BOOKMARK [1][-]{section.B.1}{\376\377\000P\000r\000e\000m\000i\000\350\000r\000e\000\040\000S\000e\000c\000t\000i\000o\000n\000\040\000d\000e\000u\000x\000i\000\350\000m\000e\000\040\000a\000n\000n\000e\000x\000e}{appendix.B}% 25
\BOOKMARK [0][-]{section.B.1}{\376\377\000I\000n\000d\000e\000x}{}% 26
